01-Apr-2026 15:14:33.575 INFO [main] org.apache.catalina.startup.VersionLoggerListener.log Nom version serveur :              Apache Tomcat/11.0.1
01-Apr-2026 15:14:33.576 INFO [main] org.apache.catalina.startup.VersionLoggerListener.log Serveur compilé :                  Nov 6 2024 19:08:24 UTC
01-Apr-2026 15:14:33.576 INFO [main] org.apache.catalina.startup.VersionLoggerListener.log Version du serveur :               11.0.1.0
01-Apr-2026 15:14:33.576 INFO [main] org.apache.catalina.startup.VersionLoggerListener.log Nom de l'OS :                      Linux
01-Apr-2026 15:14:33.576 INFO [main] org.apache.catalina.startup.VersionLoggerListener.log Version OS :                       6.14.0-37-generic
01-Apr-2026 15:14:33.576 INFO [main] org.apache.catalina.startup.VersionLoggerListener.log Architecture :                     amd64
01-Apr-2026 15:14:33.576 INFO [main] org.apache.catalina.startup.VersionLoggerListener.log Java Home :                        /home/ibt1144/jdk-25_linux-x64_bin/jdk-25.0.2
01-Apr-2026 15:14:33.576 INFO [main] org.apache.catalina.startup.VersionLoggerListener.log Version JVM :                      25.0.2+10-LTS-69
01-Apr-2026 15:14:33.576 INFO [main] org.apache.catalina.startup.VersionLoggerListener.log Fournisseur de la JVM :            Oracle Corporation
01-Apr-2026 15:14:33.576 INFO [main] org.apache.catalina.startup.VersionLoggerListener.log CATALINA_BASE :                    /home/ibt1144/apache-tomcat-11.0.1
01-Apr-2026 15:14:33.576 INFO [main] org.apache.catalina.startup.VersionLoggerListener.log CATALINA_HOME :                    /home/ibt1144/apache-tomcat-11.0.1
01-Apr-2026 15:14:33.603 INFO [main] org.apache.catalina.startup.VersionLoggerListener.log Argument de la ligne de commande : -Djava.util.logging.config.file=/home/ibt1144/apache-tomcat-11.0.1/conf/logging.properties
01-Apr-2026 15:14:33.603 INFO [main] org.apache.catalina.startup.VersionLoggerListener.log Argument de la ligne de commande : -Djava.util.logging.manager=org.apache.juli.ClassLoaderLogManager
01-Apr-2026 15:14:33.603 INFO [main] org.apache.catalina.startup.VersionLoggerListener.log Argument de la ligne de commande : -Djdk.tls.ephemeralDHKeySize=2048
01-Apr-2026 15:14:33.603 INFO [main] org.apache.catalina.startup.VersionLoggerListener.log Argument de la ligne de commande : -Dorg.apache.catalina.security.SecurityListener.UMASK=0027
01-Apr-2026 15:14:33.603 INFO [main] org.apache.catalina.startup.VersionLoggerListener.log Argument de la ligne de commande : --add-opens=java.base/java.lang=ALL-UNNAMED
01-Apr-2026 15:14:33.603 INFO [main] org.apache.catalina.startup.VersionLoggerListener.log Argument de la ligne de commande : --add-opens=java.base/java.io=ALL-UNNAMED
01-Apr-2026 15:14:33.603 INFO [main] org.apache.catalina.startup.VersionLoggerListener.log Argument de la ligne de commande : --add-opens=java.base/java.util=ALL-UNNAMED
01-Apr-2026 15:14:33.603 INFO [main] org.apache.catalina.startup.VersionLoggerListener.log Argument de la ligne de commande : --add-opens=java.base/java.util.concurrent=ALL-UNNAMED
01-Apr-2026 15:14:33.604 INFO [main] org.apache.catalina.startup.VersionLoggerListener.log Argument de la ligne de commande : --add-opens=java.rmi/sun.rmi.transport=ALL-UNNAMED
01-Apr-2026 15:14:33.604 INFO [main] org.apache.catalina.startup.VersionLoggerListener.log Argument de la ligne de commande : --enable-native-access=ALL-UNNAMED
01-Apr-2026 15:14:33.604 INFO [main] org.apache.catalina.startup.VersionLoggerListener.log Argument de la ligne de commande : -Dcatalina.base=/home/ibt1144/apache-tomcat-11.0.1
01-Apr-2026 15:14:33.604 INFO [main] org.apache.catalina.startup.VersionLoggerListener.log Argument de la ligne de commande : -Dcatalina.home=/home/ibt1144/apache-tomcat-11.0.1
01-Apr-2026 15:14:33.604 INFO [main] org.apache.catalina.startup.VersionLoggerListener.log Argument de la ligne de commande : -Djava.io.tmpdir=/home/ibt1144/apache-tomcat-11.0.1/temp
01-Apr-2026 15:14:33.608 INFO [main] org.apache.catalina.core.AprLifecycleListener.lifecycleEvent La librairie Apache Tomcat Native basée sur APR qui permet des performances optimales dans les environnements de production n'a pas été trouvée sur le java.library.path : [/usr/java/packages/lib:/usr/lib64:/lib64:/lib:/usr/lib]
01-Apr-2026 15:14:33.854 INFO [main] org.apache.coyote.AbstractProtocol.init Initialisation du gestionnaire de protocole ["http-nio-8080"]
01-Apr-2026 15:14:33.874 INFO [main] org.apache.catalina.startup.Catalina.load L'initialisation du serveur a pris [450] millisecondes
01-Apr-2026 15:14:33.926 INFO [main] org.apache.catalina.core.StandardService.startInternal Démarrage du service [Catalina]
01-Apr-2026 15:14:33.926 INFO [main] org.apache.catalina.core.StandardEngine.startInternal Démarrage du moteur de Servlets : [Apache Tomcat/11.0.1]
01-Apr-2026 15:14:33.964 INFO [main] org.apache.catalina.startup.HostConfig.deployWAR Déploiement de l'archive [/home/ibt1144/apache-tomcat-11.0.1/webapps/facade.war] de l'application web
01-Apr-2026 15:14:40.091 INFO [main] org.apache.jasper.servlet.TldScanner.scanJars Au moins un fichier JAR a été analysé pour trouver des TLDs mais il n'en contenait pas, le mode "debug" du journal peut être activé pour obtenir une liste complète de JAR scannés sans succès ; éviter d'analyser des JARs inutilement peut améliorer sensiblement le temps de démarrage et le temps de compilation des JSPs
01-Apr-2026 15:14:43.193 INFO [main] org.apache.catalina.startup.HostConfig.deployWAR Le déploiement de l'archive de l'application web [/home/ibt1144/apache-tomcat-11.0.1/webapps/facade.war] s'est terminé en [9 229] ms
01-Apr-2026 15:14:43.199 INFO [main] org.apache.catalina.startup.HostConfig.deployWAR Déploiement de l'archive [/home/ibt1144/apache-tomcat-11.0.1/webapps/Controller_View.war] de l'application web
01-Apr-2026 15:14:47.790 INFO [main] org.apache.jasper.servlet.TldScanner.scanJars Au moins un fichier JAR a été analysé pour trouver des TLDs mais il n'en contenait pas, le mode "debug" du journal peut être activé pour obtenir une liste complète de JAR scannés sans succès ; éviter d'analyser des JARs inutilement peut améliorer sensiblement le temps de démarrage et le temps de compilation des JSPs
01-Apr-2026 15:14:47.950 INFO [main] org.apache.catalina.startup.HostConfig.deployWAR Le déploiement de l'archive de l'application web [/home/ibt1144/apache-tomcat-11.0.1/webapps/Controller_View.war] s'est terminé en [4 750] ms
01-Apr-2026 15:14:47.951 INFO [main] org.apache.catalina.startup.HostConfig.deployDirectory Déploiement du répertoire d'application web [/home/ibt1144/apache-tomcat-11.0.1/webapps/ROOT]
01-Apr-2026 15:14:47.986 INFO [main] org.apache.catalina.startup.HostConfig.deployDirectory Le déploiement du répertoire [/home/ibt1144/apache-tomcat-11.0.1/webapps/ROOT] de l'application web s'est terminé en [35] ms
01-Apr-2026 15:14:47.987 INFO [main] org.apache.catalina.startup.HostConfig.deployDirectory Déploiement du répertoire d'application web [/home/ibt1144/apache-tomcat-11.0.1/webapps/manager]
01-Apr-2026 15:14:48.042 INFO [main] org.apache.catalina.startup.HostConfig.deployDirectory Le déploiement du répertoire [/home/ibt1144/apache-tomcat-11.0.1/webapps/manager] de l'application web s'est terminé en [55] ms
01-Apr-2026 15:14:48.044 INFO [main] org.apache.catalina.startup.HostConfig.deployDirectory Déploiement du répertoire d'application web [/home/ibt1144/apache-tomcat-11.0.1/webapps/examples]
01-Apr-2026 15:14:48.712 INFO [main] org.apache.catalina.startup.HostConfig.deployDirectory Le déploiement du répertoire [/home/ibt1144/apache-tomcat-11.0.1/webapps/examples] de l'application web s'est terminé en [668] ms
01-Apr-2026 15:14:48.713 INFO [main] org.apache.catalina.startup.HostConfig.deployDirectory Déploiement du répertoire d'application web [/home/ibt1144/apache-tomcat-11.0.1/webapps/docs]
01-Apr-2026 15:14:48.752 INFO [main] org.apache.catalina.startup.HostConfig.deployDirectory Le déploiement du répertoire [/home/ibt1144/apache-tomcat-11.0.1/webapps/docs] de l'application web s'est terminé en [39] ms
01-Apr-2026 15:14:48.753 INFO [main] org.apache.catalina.startup.HostConfig.deployDirectory Déploiement du répertoire d'application web [/home/ibt1144/apache-tomcat-11.0.1/webapps/host-manager]
01-Apr-2026 15:14:48.797 INFO [main] org.apache.catalina.startup.HostConfig.deployDirectory Le déploiement du répertoire [/home/ibt1144/apache-tomcat-11.0.1/webapps/host-manager] de l'application web s'est terminé en [44] ms
01-Apr-2026 15:14:48.798 INFO [main] org.apache.coyote.AbstractProtocol.start Démarrage du gestionnaire de protocole ["http-nio-8080"]
01-Apr-2026 15:14:48.808 INFO [main] org.apache.catalina.startup.Catalina.start Le démarrage du serveur a pris [14931] millisecondes
01-Apr-2026 15:24:09.811 INFO [Catalina-utility-1] org.apache.catalina.startup.HostConfig.undeploy Retrait de l'application web ayant pour chemin de contexte [/Controller_View]
01-Apr-2026 15:24:10.944 INFO [Catalina-utility-1] org.apache.catalina.startup.HostConfig.deployWAR Déploiement de l'archive [/home/ibt1144/apache-tomcat-11.0.1/webapps/Controller_View.war] de l'application web
01-Apr-2026 15:24:15.820 INFO [Catalina-utility-1] org.apache.jasper.servlet.TldScanner.scanJars Au moins un fichier JAR a été analysé pour trouver des TLDs mais il n'en contenait pas, le mode "debug" du journal peut être activé pour obtenir une liste complète de JAR scannés sans succès ; éviter d'analyser des JARs inutilement peut améliorer sensiblement le temps de démarrage et le temps de compilation des JSPs
01-Apr-2026 15:24:16.016 INFO [Catalina-utility-1] org.apache.catalina.startup.HostConfig.deployWAR Le déploiement de l'archive de l'application web [/home/ibt1144/apache-tomcat-11.0.1/webapps/Controller_View.war] s'est terminé en [5 072] ms
01-Apr-2026 15:24:36.115 INFO [Catalina-utility-1] org.apache.catalina.startup.HostConfig.deployWAR Déploiement de l'archive [/home/ibt1144/apache-tomcat-11.0.1/webapps/facade-0.0.1-SNAPSHOT.war] de l'application web
01-Apr-2026 15:24:42.195 INFO [Catalina-utility-1] org.apache.jasper.servlet.TldScanner.scanJars Au moins un fichier JAR a été analysé pour trouver des TLDs mais il n'en contenait pas, le mode "debug" du journal peut être activé pour obtenir une liste complète de JAR scannés sans succès ; éviter d'analyser des JARs inutilement peut améliorer sensiblement le temps de démarrage et le temps de compilation des JSPs
01-Apr-2026 15:24:44.707 INFO [Catalina-utility-1] org.apache.catalina.startup.HostConfig.deployWAR Le déploiement de l'archive de l'application web [/home/ibt1144/apache-tomcat-11.0.1/webapps/facade-0.0.1-SNAPSHOT.war] s'est terminé en [8 592] ms
01-Apr-2026 15:24:54.725 INFO [Catalina-utility-1] org.apache.catalina.startup.HostConfig.undeploy Retrait de l'application web ayant pour chemin de contexte [/facade]
01-Apr-2026 15:24:56.515 INFO [Catalina-utility-1] org.apache.catalina.startup.HostConfig.undeploy Retrait de l'application web ayant pour chemin de contexte [/facade-0.0.1-SNAPSHOT]
01-Apr-2026 15:24:57.730 INFO [Catalina-utility-1] org.apache.catalina.startup.HostConfig.deployWAR Déploiement de l'archive [/home/ibt1144/apache-tomcat-11.0.1/webapps/facade.war] de l'application web
01-Apr-2026 15:25:04.045 INFO [Catalina-utility-1] org.apache.jasper.servlet.TldScanner.scanJars Au moins un fichier JAR a été analysé pour trouver des TLDs mais il n'en contenait pas, le mode "debug" du journal peut être activé pour obtenir une liste complète de JAR scannés sans succès ; éviter d'analyser des JARs inutilement peut améliorer sensiblement le temps de démarrage et le temps de compilation des JSPs
01-Apr-2026 15:25:08.509 INFO [Catalina-utility-1] org.apache.catalina.startup.HostConfig.deployWAR Le déploiement de l'archive de l'application web [/home/ibt1144/apache-tomcat-11.0.1/webapps/facade.war] s'est terminé en [10 779] ms
01-Apr-2026 15:32:29.575 INFO [Catalina-utility-2] org.apache.catalina.startup.HostConfig.undeploy Retrait de l'application web ayant pour chemin de contexte [/Controller_View]
01-Apr-2026 15:32:30.761 INFO [Catalina-utility-2] org.apache.catalina.startup.HostConfig.deployWAR Déploiement de l'archive [/home/ibt1144/apache-tomcat-11.0.1/webapps/Controller_View.war] de l'application web
01-Apr-2026 15:32:35.932 INFO [Catalina-utility-2] org.apache.jasper.servlet.TldScanner.scanJars Au moins un fichier JAR a été analysé pour trouver des TLDs mais il n'en contenait pas, le mode "debug" du journal peut être activé pour obtenir une liste complète de JAR scannés sans succès ; éviter d'analyser des JARs inutilement peut améliorer sensiblement le temps de démarrage et le temps de compilation des JSPs
01-Apr-2026 15:32:36.086 INFO [Catalina-utility-2] org.apache.catalina.startup.HostConfig.deployWAR Le déploiement de l'archive de l'application web [/home/ibt1144/apache-tomcat-11.0.1/webapps/Controller_View.war] s'est terminé en [5 325] ms
01-Apr-2026 15:33:46.483 INFO [Catalina-utility-1] org.apache.catalina.startup.HostConfig.undeploy Retrait de l'application web ayant pour chemin de contexte [/facade]
01-Apr-2026 15:33:47.691 INFO [Catalina-utility-1] org.apache.catalina.startup.HostConfig.deployWAR Déploiement de l'archive [/home/ibt1144/apache-tomcat-11.0.1/webapps/facade.war] de l'application web
01-Apr-2026 15:33:52.716 INFO [Catalina-utility-1] org.apache.jasper.servlet.TldScanner.scanJars Au moins un fichier JAR a été analysé pour trouver des TLDs mais il n'en contenait pas, le mode "debug" du journal peut être activé pour obtenir une liste complète de JAR scannés sans succès ; éviter d'analyser des JARs inutilement peut améliorer sensiblement le temps de démarrage et le temps de compilation des JSPs
01-Apr-2026 15:33:55.069 INFO [Catalina-utility-1] org.apache.catalina.startup.HostConfig.deployWAR Le déploiement de l'archive de l'application web [/home/ibt1144/apache-tomcat-11.0.1/webapps/facade.war] s'est terminé en [7 378] ms
01-Apr-2026 15:34:11.749 INFO [main] org.apache.catalina.core.StandardServer.await Une commande d'arrêt valide a été reçue sur le port d'arrêt, arrêt de l'instance du serveur
01-Apr-2026 15:34:11.749 INFO [main] org.apache.coyote.AbstractProtocol.pause Le gestionnaire de protocole ["http-nio-8080"] est mis en pause
01-Apr-2026 15:34:11.755 INFO [main] org.apache.catalina.core.StandardService.stopInternal Arrêt du service [Catalina]
01-Apr-2026 15:34:12.401 INFO [main] org.apache.coyote.AbstractProtocol.stop Arrêt du gestionnaire de protocole ["http-nio-8080"]
01-Apr-2026 15:34:12.407 INFO [main] org.apache.coyote.AbstractProtocol.destroy Destruction du gestionnaire de protocole ["http-nio-8080"]
01-Apr-2026 15:34:18.106 INFO [main] org.apache.catalina.startup.VersionLoggerListener.log Nom version serveur :              Apache Tomcat/11.0.1
01-Apr-2026 15:34:18.108 INFO [main] org.apache.catalina.startup.VersionLoggerListener.log Serveur compilé :                  Nov 6 2024 19:08:24 UTC
01-Apr-2026 15:34:18.108 INFO [main] org.apache.catalina.startup.VersionLoggerListener.log Version du serveur :               11.0.1.0
01-Apr-2026 15:34:18.108 INFO [main] org.apache.catalina.startup.VersionLoggerListener.log Nom de l'OS :                      Linux
01-Apr-2026 15:34:18.108 INFO [main] org.apache.catalina.startup.VersionLoggerListener.log Version OS :                       6.14.0-37-generic
01-Apr-2026 15:34:18.108 INFO [main] org.apache.catalina.startup.VersionLoggerListener.log Architecture :                     amd64
01-Apr-2026 15:34:18.108 INFO [main] org.apache.catalina.startup.VersionLoggerListener.log Java Home :                        /home/ibt1144/jdk-25_linux-x64_bin/jdk-25.0.2
01-Apr-2026 15:34:18.109 INFO [main] org.apache.catalina.startup.VersionLoggerListener.log Version JVM :                      25.0.2+10-LTS-69
01-Apr-2026 15:34:18.109 INFO [main] org.apache.catalina.startup.VersionLoggerListener.log Fournisseur de la JVM :            Oracle Corporation
01-Apr-2026 15:34:18.109 INFO [main] org.apache.catalina.startup.VersionLoggerListener.log CATALINA_BASE :                    /home/ibt1144/apache-tomcat-11.0.1
01-Apr-2026 15:34:18.109 INFO [main] org.apache.catalina.startup.VersionLoggerListener.log CATALINA_HOME :                    /home/ibt1144/apache-tomcat-11.0.1
01-Apr-2026 15:34:18.135 INFO [main] org.apache.catalina.startup.VersionLoggerListener.log Argument de la ligne de commande : -Djava.util.logging.config.file=/home/ibt1144/apache-tomcat-11.0.1/conf/logging.properties
01-Apr-2026 15:34:18.135 INFO [main] org.apache.catalina.startup.VersionLoggerListener.log Argument de la ligne de commande : -Djava.util.logging.manager=org.apache.juli.ClassLoaderLogManager
01-Apr-2026 15:34:18.135 INFO [main] org.apache.catalina.startup.VersionLoggerListener.log Argument de la ligne de commande : -Djdk.tls.ephemeralDHKeySize=2048
01-Apr-2026 15:34:18.135 INFO [main] org.apache.catalina.startup.VersionLoggerListener.log Argument de la ligne de commande : -Dorg.apache.catalina.security.SecurityListener.UMASK=0027
01-Apr-2026 15:34:18.135 INFO [main] org.apache.catalina.startup.VersionLoggerListener.log Argument de la ligne de commande : --add-opens=java.base/java.lang=ALL-UNNAMED
01-Apr-2026 15:34:18.135 INFO [main] org.apache.catalina.startup.VersionLoggerListener.log Argument de la ligne de commande : --add-opens=java.base/java.io=ALL-UNNAMED
01-Apr-2026 15:34:18.135 INFO [main] org.apache.catalina.startup.VersionLoggerListener.log Argument de la ligne de commande : --add-opens=java.base/java.util=ALL-UNNAMED
01-Apr-2026 15:34:18.135 INFO [main] org.apache.catalina.startup.VersionLoggerListener.log Argument de la ligne de commande : --add-opens=java.base/java.util.concurrent=ALL-UNNAMED
01-Apr-2026 15:34:18.135 INFO [main] org.apache.catalina.startup.VersionLoggerListener.log Argument de la ligne de commande : --add-opens=java.rmi/sun.rmi.transport=ALL-UNNAMED
01-Apr-2026 15:34:18.135 INFO [main] org.apache.catalina.startup.VersionLoggerListener.log Argument de la ligne de commande : --enable-native-access=ALL-UNNAMED
01-Apr-2026 15:34:18.135 INFO [main] org.apache.catalina.startup.VersionLoggerListener.log Argument de la ligne de commande : -Dcatalina.base=/home/ibt1144/apache-tomcat-11.0.1
01-Apr-2026 15:34:18.135 INFO [main] org.apache.catalina.startup.VersionLoggerListener.log Argument de la ligne de commande : -Dcatalina.home=/home/ibt1144/apache-tomcat-11.0.1
01-Apr-2026 15:34:18.135 INFO [main] org.apache.catalina.startup.VersionLoggerListener.log Argument de la ligne de commande : -Djava.io.tmpdir=/home/ibt1144/apache-tomcat-11.0.1/temp
01-Apr-2026 15:34:18.136 INFO [main] org.apache.catalina.core.AprLifecycleListener.lifecycleEvent La librairie Apache Tomcat Native basée sur APR qui permet des performances optimales dans les environnements de production n'a pas été trouvée sur le java.library.path : [/usr/java/packages/lib:/usr/lib64:/lib64:/lib:/usr/lib]
01-Apr-2026 15:34:18.373 INFO [main] org.apache.coyote.AbstractProtocol.init Initialisation du gestionnaire de protocole ["http-nio-8080"]
01-Apr-2026 15:34:18.401 INFO [main] org.apache.catalina.startup.Catalina.load L'initialisation du serveur a pris [434] millisecondes
01-Apr-2026 15:34:18.445 INFO [main] org.apache.catalina.core.StandardService.startInternal Démarrage du service [Catalina]
01-Apr-2026 15:34:18.445 INFO [main] org.apache.catalina.core.StandardEngine.startInternal Démarrage du moteur de Servlets : [Apache Tomcat/11.0.1]
01-Apr-2026 15:34:18.459 INFO [main] org.apache.catalina.startup.HostConfig.deployWAR Déploiement de l'archive [/home/ibt1144/apache-tomcat-11.0.1/webapps/facade.war] de l'application web
01-Apr-2026 15:34:19.588 INFO [main] org.apache.jasper.servlet.TldScanner.scanJars Au moins un fichier JAR a été analysé pour trouver des TLDs mais il n'en contenait pas, le mode "debug" du journal peut être activé pour obtenir une liste complète de JAR scannés sans succès ; éviter d'analyser des JARs inutilement peut améliorer sensiblement le temps de démarrage et le temps de compilation des JSPs
01-Apr-2026 15:34:21.862 INFO [main] org.apache.catalina.startup.HostConfig.deployWAR Le déploiement de l'archive de l'application web [/home/ibt1144/apache-tomcat-11.0.1/webapps/facade.war] s'est terminé en [3 402] ms
01-Apr-2026 15:34:21.866 INFO [main] org.apache.catalina.startup.HostConfig.deployWAR Déploiement de l'archive [/home/ibt1144/apache-tomcat-11.0.1/webapps/Controller_View.war] de l'application web
01-Apr-2026 15:34:23.115 INFO [main] org.apache.jasper.servlet.TldScanner.scanJars Au moins un fichier JAR a été analysé pour trouver des TLDs mais il n'en contenait pas, le mode "debug" du journal peut être activé pour obtenir une liste complète de JAR scannés sans succès ; éviter d'analyser des JARs inutilement peut améliorer sensiblement le temps de démarrage et le temps de compilation des JSPs
01-Apr-2026 15:34:23.248 INFO [main] org.apache.catalina.startup.HostConfig.deployWAR Le déploiement de l'archive de l'application web [/home/ibt1144/apache-tomcat-11.0.1/webapps/Controller_View.war] s'est terminé en [1 382] ms
01-Apr-2026 15:34:23.248 INFO [main] org.apache.catalina.startup.HostConfig.deployDirectory Déploiement du répertoire d'application web [/home/ibt1144/apache-tomcat-11.0.1/webapps/ROOT]
01-Apr-2026 15:34:23.268 INFO [main] org.apache.catalina.startup.HostConfig.deployDirectory Le déploiement du répertoire [/home/ibt1144/apache-tomcat-11.0.1/webapps/ROOT] de l'application web s'est terminé en [20] ms
01-Apr-2026 15:34:23.268 INFO [main] org.apache.catalina.startup.HostConfig.deployDirectory Déploiement du répertoire d'application web [/home/ibt1144/apache-tomcat-11.0.1/webapps/manager]
01-Apr-2026 15:34:23.303 INFO [main] org.apache.catalina.startup.HostConfig.deployDirectory Le déploiement du répertoire [/home/ibt1144/apache-tomcat-11.0.1/webapps/manager] de l'application web s'est terminé en [34] ms
01-Apr-2026 15:34:23.303 INFO [main] org.apache.catalina.startup.HostConfig.deployDirectory Déploiement du répertoire d'application web [/home/ibt1144/apache-tomcat-11.0.1/webapps/examples]
01-Apr-2026 15:34:23.833 INFO [main] org.apache.catalina.startup.HostConfig.deployDirectory Le déploiement du répertoire [/home/ibt1144/apache-tomcat-11.0.1/webapps/examples] de l'application web s'est terminé en [530] ms
01-Apr-2026 15:34:23.834 INFO [main] org.apache.catalina.startup.HostConfig.deployDirectory Déploiement du répertoire d'application web [/home/ibt1144/apache-tomcat-11.0.1/webapps/docs]
01-Apr-2026 15:34:23.862 INFO [main] org.apache.catalina.startup.HostConfig.deployDirectory Le déploiement du répertoire [/home/ibt1144/apache-tomcat-11.0.1/webapps/docs] de l'application web s'est terminé en [28] ms
01-Apr-2026 15:34:23.862 INFO [main] org.apache.catalina.startup.HostConfig.deployDirectory Déploiement du répertoire d'application web [/home/ibt1144/apache-tomcat-11.0.1/webapps/host-manager]
01-Apr-2026 15:34:23.889 INFO [main] org.apache.catalina.startup.HostConfig.deployDirectory Le déploiement du répertoire [/home/ibt1144/apache-tomcat-11.0.1/webapps/host-manager] de l'application web s'est terminé en [27] ms
01-Apr-2026 15:34:23.891 INFO [main] org.apache.coyote.AbstractProtocol.start Démarrage du gestionnaire de protocole ["http-nio-8080"]
01-Apr-2026 15:34:23.901 INFO [main] org.apache.catalina.startup.Catalina.start Le démarrage du serveur a pris [5498] millisecondes
01-Apr-2026 15:37:14.405 INFO [Catalina-utility-1] org.apache.catalina.startup.HostConfig.undeploy Retrait de l'application web ayant pour chemin de contexte [/Controller_View]
01-Apr-2026 15:37:15.566 INFO [Catalina-utility-1] org.apache.catalina.startup.HostConfig.deployWAR Déploiement de l'archive [/home/ibt1144/apache-tomcat-11.0.1/webapps/Controller_View.war] de l'application web
01-Apr-2026 15:37:19.781 INFO [Catalina-utility-1] org.apache.jasper.servlet.TldScanner.scanJars Au moins un fichier JAR a été analysé pour trouver des TLDs mais il n'en contenait pas, le mode "debug" du journal peut être activé pour obtenir une liste complète de JAR scannés sans succès ; éviter d'analyser des JARs inutilement peut améliorer sensiblement le temps de démarrage et le temps de compilation des JSPs
01-Apr-2026 15:37:19.972 INFO [Catalina-utility-1] org.apache.catalina.startup.HostConfig.deployWAR Le déploiement de l'archive de l'application web [/home/ibt1144/apache-tomcat-11.0.1/webapps/Controller_View.war] s'est terminé en [4 406] ms
01-Apr-2026 15:44:50.744 INFO [Catalina-utility-1] org.apache.catalina.startup.HostConfig.undeploy Retrait de l'application web ayant pour chemin de contexte [/Controller_View]
01-Apr-2026 15:44:52.111 INFO [Catalina-utility-1] org.apache.catalina.startup.HostConfig.deployWAR Déploiement de l'archive [/home/ibt1144/apache-tomcat-11.0.1/webapps/Controller_View.war] de l'application web
01-Apr-2026 15:44:57.444 INFO [Catalina-utility-1] org.apache.jasper.servlet.TldScanner.scanJars Au moins un fichier JAR a été analysé pour trouver des TLDs mais il n'en contenait pas, le mode "debug" du journal peut être activé pour obtenir une liste complète de JAR scannés sans succès ; éviter d'analyser des JARs inutilement peut améliorer sensiblement le temps de démarrage et le temps de compilation des JSPs
01-Apr-2026 15:44:57.609 INFO [Catalina-utility-1] org.apache.catalina.startup.HostConfig.deployWAR Le déploiement de l'archive de l'application web [/home/ibt1144/apache-tomcat-11.0.1/webapps/Controller_View.war] s'est terminé en [5 497] ms
01-Apr-2026 15:44:57.947 SEVERE [http-nio-8080-exec-14] org.apache.tomcat.websocket.pojo.PojoEndpointBase.onClose Echec lors de l'appel de la méthode onClose du point de terminaison POJO de type [pack.ChatEndpoint]
	java.lang.reflect.InvocationTargetException
		at java.base/jdk.internal.reflect.DirectMethodHandleAccessor.invoke(DirectMethodHandleAccessor.java:119)
		at java.base/java.lang.reflect.Method.invoke(Method.java:565)
		at org.apache.tomcat.websocket.pojo.PojoEndpointBase.onClose(PojoEndpointBase.java:101)
		at org.apache.tomcat.websocket.WsSession.fireEndpointOnClose(WsSession.java:733)
		at org.apache.tomcat.websocket.WsSession.doClose(WsSession.java:590)
		at org.apache.tomcat.websocket.WsRemoteEndpointImplBase.sendMessageBlockInternal(WsRemoteEndpointImplBase.java:327)
		at org.apache.tomcat.websocket.WsRemoteEndpointImplBase.sendMessageBlock(WsRemoteEndpointImplBase.java:269)
		at org.apache.tomcat.websocket.WsRemoteEndpointImplBase.sendMessageBlock(WsRemoteEndpointImplBase.java:253)
		at org.apache.tomcat.websocket.WsRemoteEndpointImplBase.sendString(WsRemoteEndpointImplBase.java:195)
		at org.apache.tomcat.websocket.WsRemoteEndpointBasic.sendText(WsRemoteEndpointBasic.java:36)
		at pack.ChatEndpoint.broadcast(ChatEndpoint.java:60)
		at pack.ChatEndpoint.onOpen(ChatEndpoint.java:31)
		at java.base/jdk.internal.reflect.DirectMethodHandleAccessor.invoke(DirectMethodHandleAccessor.java:104)
		at java.base/java.lang.reflect.Method.invoke(Method.java:565)
		at org.apache.tomcat.websocket.pojo.PojoEndpointBase.doOnOpen(PojoEndpointBase.java:67)
		at org.apache.tomcat.websocket.pojo.PojoEndpointServer.onOpen(PojoEndpointServer.java:46)
		at org.apache.tomcat.websocket.server.WsHttpUpgradeHandler.init(WsHttpUpgradeHandler.java:131)
		at org.apache.coyote.AbstractProtocol$ConnectionHandler.process(AbstractProtocol.java:947)
		at org.apache.tomcat.util.net.NioEndpoint$SocketProcessor.doRun(NioEndpoint.java:1746)
		at org.apache.tomcat.util.net.SocketProcessorBase.run(SocketProcessorBase.java:52)
		at org.apache.tomcat.util.threads.ThreadPoolExecutor.runWorker(ThreadPoolExecutor.java:1148)
		at org.apache.tomcat.util.threads.ThreadPoolExecutor$Worker.run(ThreadPoolExecutor.java:636)
		at org.apache.tomcat.util.threads.TaskThread$WrappingRunnable.run(TaskThread.java:63)
		at java.base/java.lang.Thread.run(Thread.java:1474)
	Caused by: java.lang.IllegalStateException: Le message ne sera pas envoyé parce que la session WebSocket a été fermée
		at org.apache.tomcat.websocket.WsRemoteEndpointImplBase.writeMessagePart(WsRemoteEndpointImplBase.java:458)
		at org.apache.tomcat.websocket.WsRemoteEndpointImplBase.sendMessageBlockInternal(WsRemoteEndpointImplBase.java:316)
		at org.apache.tomcat.websocket.WsRemoteEndpointImplBase.sendMessageBlock(WsRemoteEndpointImplBase.java:269)
		at org.apache.tomcat.websocket.WsRemoteEndpointImplBase.sendMessageBlock(WsRemoteEndpointImplBase.java:253)
		at org.apache.tomcat.websocket.WsRemoteEndpointImplBase.sendString(WsRemoteEndpointImplBase.java:195)
		at org.apache.tomcat.websocket.WsRemoteEndpointBasic.sendText(WsRemoteEndpointBasic.java:36)
		at pack.ChatEndpoint.broadcast(ChatEndpoint.java:60)
		at pack.ChatEndpoint.onClose(ChatEndpoint.java:49)
		at java.base/jdk.internal.reflect.DirectMethodHandleAccessor.invoke(DirectMethodHandleAccessor.java:104)
		... 23 more
01-Apr-2026 16:07:54.205 INFO [main] org.apache.catalina.startup.VersionLoggerListener.log Nom version serveur :              Apache Tomcat/11.0.1
01-Apr-2026 16:07:54.206 INFO [main] org.apache.catalina.startup.VersionLoggerListener.log Serveur compilé :                  Nov 6 2024 19:08:24 UTC
01-Apr-2026 16:07:54.206 INFO [main] org.apache.catalina.startup.VersionLoggerListener.log Version du serveur :               11.0.1.0
01-Apr-2026 16:07:54.206 INFO [main] org.apache.catalina.startup.VersionLoggerListener.log Nom de l'OS :                      Linux
01-Apr-2026 16:07:54.206 INFO [main] org.apache.catalina.startup.VersionLoggerListener.log Version OS :                       6.14.0-37-generic
01-Apr-2026 16:07:54.206 INFO [main] org.apache.catalina.startup.VersionLoggerListener.log Architecture :                     amd64
01-Apr-2026 16:07:54.206 INFO [main] org.apache.catalina.startup.VersionLoggerListener.log Java Home :                        /home/ibt1144/jdk-25_linux-x64_bin/jdk-25.0.2
01-Apr-2026 16:07:54.206 INFO [main] org.apache.catalina.startup.VersionLoggerListener.log Version JVM :                      25.0.2+10-LTS-69
01-Apr-2026 16:07:54.206 INFO [main] org.apache.catalina.startup.VersionLoggerListener.log Fournisseur de la JVM :            Oracle Corporation
01-Apr-2026 16:07:54.206 INFO [main] org.apache.catalina.startup.VersionLoggerListener.log CATALINA_BASE :                    /home/ibt1144/apache-tomcat-11.0.1
01-Apr-2026 16:07:54.206 INFO [main] org.apache.catalina.startup.VersionLoggerListener.log CATALINA_HOME :                    /home/ibt1144/apache-tomcat-11.0.1
01-Apr-2026 16:07:54.234 INFO [main] org.apache.catalina.startup.VersionLoggerListener.log Argument de la ligne de commande : -Djava.util.logging.config.file=/home/ibt1144/apache-tomcat-11.0.1/conf/logging.properties
01-Apr-2026 16:07:54.234 INFO [main] org.apache.catalina.startup.VersionLoggerListener.log Argument de la ligne de commande : -Djava.util.logging.manager=org.apache.juli.ClassLoaderLogManager
01-Apr-2026 16:07:54.234 INFO [main] org.apache.catalina.startup.VersionLoggerListener.log Argument de la ligne de commande : -Djdk.tls.ephemeralDHKeySize=2048
01-Apr-2026 16:07:54.234 INFO [main] org.apache.catalina.startup.VersionLoggerListener.log Argument de la ligne de commande : -Dorg.apache.catalina.security.SecurityListener.UMASK=0027
01-Apr-2026 16:07:54.234 INFO [main] org.apache.catalina.startup.VersionLoggerListener.log Argument de la ligne de commande : --add-opens=java.base/java.lang=ALL-UNNAMED
01-Apr-2026 16:07:54.234 INFO [main] org.apache.catalina.startup.VersionLoggerListener.log Argument de la ligne de commande : --add-opens=java.base/java.io=ALL-UNNAMED
01-Apr-2026 16:07:54.234 INFO [main] org.apache.catalina.startup.VersionLoggerListener.log Argument de la ligne de commande : --add-opens=java.base/java.util=ALL-UNNAMED
01-Apr-2026 16:07:54.234 INFO [main] org.apache.catalina.startup.VersionLoggerListener.log Argument de la ligne de commande : --add-opens=java.base/java.util.concurrent=ALL-UNNAMED
01-Apr-2026 16:07:54.234 INFO [main] org.apache.catalina.startup.VersionLoggerListener.log Argument de la ligne de commande : --add-opens=java.rmi/sun.rmi.transport=ALL-UNNAMED
01-Apr-2026 16:07:54.234 INFO [main] org.apache.catalina.startup.VersionLoggerListener.log Argument de la ligne de commande : --enable-native-access=ALL-UNNAMED
01-Apr-2026 16:07:54.234 INFO [main] org.apache.catalina.startup.VersionLoggerListener.log Argument de la ligne de commande : -Dcatalina.base=/home/ibt1144/apache-tomcat-11.0.1
01-Apr-2026 16:07:54.234 INFO [main] org.apache.catalina.startup.VersionLoggerListener.log Argument de la ligne de commande : -Dcatalina.home=/home/ibt1144/apache-tomcat-11.0.1
01-Apr-2026 16:07:54.234 INFO [main] org.apache.catalina.startup.VersionLoggerListener.log Argument de la ligne de commande : -Djava.io.tmpdir=/home/ibt1144/apache-tomcat-11.0.1/temp
01-Apr-2026 16:07:54.236 INFO [main] org.apache.catalina.core.AprLifecycleListener.lifecycleEvent La librairie Apache Tomcat Native basée sur APR qui permet des performances optimales dans les environnements de production n'a pas été trouvée sur le java.library.path : [/usr/java/packages/lib:/usr/lib64:/lib64:/lib:/usr/lib]
01-Apr-2026 16:07:54.460 INFO [main] org.apache.coyote.AbstractProtocol.init Initialisation du gestionnaire de protocole ["http-nio-8080"]
01-Apr-2026 16:07:54.481 SEVERE [main] org.apache.catalina.util.LifecycleBase.handleSubClassException Echec d'initialisation du composant [Connector["http-nio-8080"]]
	org.apache.catalina.LifecycleException: L'initialisation du gestionnaire de protocole a échoué
		at org.apache.catalina.connector.Connector.initInternal(Connector.java:1035)
		at org.apache.catalina.util.LifecycleBase.init(LifecycleBase.java:122)
		at org.apache.catalina.core.StandardService.initInternal(StandardService.java:525)
		at org.apache.catalina.util.LifecycleBase.init(LifecycleBase.java:122)
		at org.apache.catalina.core.StandardServer.initInternal(StandardServer.java:953)
		at org.apache.catalina.util.LifecycleBase.init(LifecycleBase.java:122)
		at org.apache.catalina.startup.Catalina.load(Catalina.java:706)
		at org.apache.catalina.startup.Catalina.load(Catalina.java:729)
		at java.base/jdk.internal.reflect.DirectMethodHandleAccessor.invoke(DirectMethodHandleAccessor.java:104)
		at java.base/java.lang.reflect.Method.invoke(Method.java:565)
		at org.apache.catalina.startup.Bootstrap.load(Bootstrap.java:299)
		at org.apache.catalina.startup.Bootstrap.main(Bootstrap.java:469)
	Caused by: java.net.BindException: Adresse déjà utilisée
		at java.base/sun.nio.ch.Net.bind0(Native Method)
		at java.base/sun.nio.ch.Net.bind(Net.java:522)
		at java.base/sun.nio.ch.ServerSocketChannelImpl.netBind(ServerSocketChannelImpl.java:335)
		at java.base/sun.nio.ch.ServerSocketChannelImpl.bind(ServerSocketChannelImpl.java:297)
		at org.apache.tomcat.util.net.NioEndpoint.initServerSocket(NioEndpoint.java:240)
		at org.apache.tomcat.util.net.NioEndpoint.bind(NioEndpoint.java:195)
		at org.apache.tomcat.util.net.AbstractEndpoint.bindWithCleanup(AbstractEndpoint.java:1472)
		at org.apache.tomcat.util.net.AbstractEndpoint.init(AbstractEndpoint.java:1485)
		at org.apache.coyote.AbstractProtocol.init(AbstractProtocol.java:633)
		at org.apache.coyote.http11.AbstractHttp11Protocol.init(AbstractHttp11Protocol.java:83)
		at org.apache.catalina.connector.Connector.initInternal(Connector.java:1033)
		... 11 more
01-Apr-2026 16:07:54.482 INFO [main] org.apache.catalina.startup.Catalina.load L'initialisation du serveur a pris [448] millisecondes
01-Apr-2026 16:07:54.517 INFO [main] org.apache.catalina.core.StandardService.startInternal Démarrage du service [Catalina]
01-Apr-2026 16:07:54.517 INFO [main] org.apache.catalina.core.StandardEngine.startInternal Démarrage du moteur de Servlets : [Apache Tomcat/11.0.1]
01-Apr-2026 16:07:54.532 INFO [main] org.apache.catalina.startup.HostConfig.deployWAR Déploiement de l'archive [/home/ibt1144/apache-tomcat-11.0.1/webapps/facade.war] de l'application web
01-Apr-2026 16:07:55.721 INFO [main] org.apache.jasper.servlet.TldScanner.scanJars Au moins un fichier JAR a été analysé pour trouver des TLDs mais il n'en contenait pas, le mode "debug" du journal peut être activé pour obtenir une liste complète de JAR scannés sans succès ; éviter d'analyser des JARs inutilement peut améliorer sensiblement le temps de démarrage et le temps de compilation des JSPs
01-Apr-2026 16:07:57.981 INFO [main] org.apache.catalina.startup.HostConfig.deployWAR Le déploiement de l'archive de l'application web [/home/ibt1144/apache-tomcat-11.0.1/webapps/facade.war] s'est terminé en [3 449] ms
01-Apr-2026 16:07:57.986 INFO [main] org.apache.catalina.startup.HostConfig.deployWAR Déploiement de l'archive [/home/ibt1144/apache-tomcat-11.0.1/webapps/Controller_View.war] de l'application web
01-Apr-2026 16:07:59.462 INFO [main] org.apache.jasper.servlet.TldScanner.scanJars Au moins un fichier JAR a été analysé pour trouver des TLDs mais il n'en contenait pas, le mode "debug" du journal peut être activé pour obtenir une liste complète de JAR scannés sans succès ; éviter d'analyser des JARs inutilement peut améliorer sensiblement le temps de démarrage et le temps de compilation des JSPs
01-Apr-2026 16:07:59.578 INFO [main] org.apache.catalina.startup.HostConfig.deployWAR Le déploiement de l'archive de l'application web [/home/ibt1144/apache-tomcat-11.0.1/webapps/Controller_View.war] s'est terminé en [1 591] ms
01-Apr-2026 16:07:59.578 INFO [main] org.apache.catalina.startup.HostConfig.deployDirectory Déploiement du répertoire d'application web [/home/ibt1144/apache-tomcat-11.0.1/webapps/ROOT]
01-Apr-2026 16:07:59.598 INFO [main] org.apache.catalina.startup.HostConfig.deployDirectory Le déploiement du répertoire [/home/ibt1144/apache-tomcat-11.0.1/webapps/ROOT] de l'application web s'est terminé en [20] ms
01-Apr-2026 16:07:59.598 INFO [main] org.apache.catalina.startup.HostConfig.deployDirectory Déploiement du répertoire d'application web [/home/ibt1144/apache-tomcat-11.0.1/webapps/manager]
01-Apr-2026 16:07:59.631 INFO [main] org.apache.catalina.startup.HostConfig.deployDirectory Le déploiement du répertoire [/home/ibt1144/apache-tomcat-11.0.1/webapps/manager] de l'application web s'est terminé en [33] ms
01-Apr-2026 16:07:59.631 INFO [main] org.apache.catalina.startup.HostConfig.deployDirectory Déploiement du répertoire d'application web [/home/ibt1144/apache-tomcat-11.0.1/webapps/examples]
01-Apr-2026 16:08:00.205 INFO [main] org.apache.catalina.startup.HostConfig.deployDirectory Le déploiement du répertoire [/home/ibt1144/apache-tomcat-11.0.1/webapps/examples] de l'application web s'est terminé en [574] ms
01-Apr-2026 16:08:00.205 INFO [main] org.apache.catalina.startup.HostConfig.deployDirectory Déploiement du répertoire d'application web [/home/ibt1144/apache-tomcat-11.0.1/webapps/docs]
01-Apr-2026 16:08:00.237 INFO [main] org.apache.catalina.startup.HostConfig.deployDirectory Le déploiement du répertoire [/home/ibt1144/apache-tomcat-11.0.1/webapps/docs] de l'application web s'est terminé en [31] ms
01-Apr-2026 16:08:00.237 INFO [main] org.apache.catalina.startup.HostConfig.deployDirectory Déploiement du répertoire d'application web [/home/ibt1144/apache-tomcat-11.0.1/webapps/host-manager]
01-Apr-2026 16:08:00.278 INFO [main] org.apache.catalina.startup.HostConfig.deployDirectory Le déploiement du répertoire [/home/ibt1144/apache-tomcat-11.0.1/webapps/host-manager] de l'application web s'est terminé en [41] ms
01-Apr-2026 16:08:00.280 INFO [main] org.apache.catalina.startup.Catalina.start Le démarrage du serveur a pris [5797] millisecondes
01-Apr-2026 16:08:00.293 SEVERE [main] org.apache.catalina.core.StandardServer.await Impossible de créer le sokcet d'arrêt du serveur à l'adresse [localhost] et au port [8005] (port de base [8005] et offset [0])
	java.net.BindException: Adresse déjà utilisée
		at java.base/sun.nio.ch.Net.bind0(Native Method)
		at java.base/sun.nio.ch.Net.bind(Net.java:522)
		at java.base/sun.nio.ch.Net.bind(Net.java:511)
		at java.base/sun.nio.ch.NioSocketImpl.bind(NioSocketImpl.java:641)
		at java.base/java.net.ServerSocket.bind(ServerSocket.java:326)
		at java.base/java.net.ServerSocket.<init>(ServerSocket.java:222)
		at org.apache.catalina.core.StandardServer.await(StandardServer.java:532)
		at org.apache.catalina.startup.Catalina.await(Catalina.java:845)
		at org.apache.catalina.startup.Catalina.start(Catalina.java:793)
		at java.base/jdk.internal.reflect.DirectMethodHandleAccessor.invoke(DirectMethodHandleAccessor.java:104)
		at java.base/java.lang.reflect.Method.invoke(Method.java:565)
		at org.apache.catalina.startup.Bootstrap.start(Bootstrap.java:342)
		at org.apache.catalina.startup.Bootstrap.main(Bootstrap.java:470)
01-Apr-2026 16:08:00.293 INFO [main] org.apache.coyote.AbstractProtocol.pause Le gestionnaire de protocole ["http-nio-8080"] est mis en pause
01-Apr-2026 16:08:00.293 INFO [main] org.apache.catalina.core.StandardService.stopInternal Arrêt du service [Catalina]
01-Apr-2026 16:08:00.705 INFO [main] org.apache.coyote.AbstractProtocol.stop Arrêt du gestionnaire de protocole ["http-nio-8080"]
01-Apr-2026 16:08:00.706 INFO [main] org.apache.coyote.AbstractProtocol.destroy Destruction du gestionnaire de protocole ["http-nio-8080"]
01-Apr-2026 16:08:03.392 INFO [main] org.apache.catalina.core.StandardServer.await Une commande d'arrêt valide a été reçue sur le port d'arrêt, arrêt de l'instance du serveur
01-Apr-2026 16:08:03.393 INFO [main] org.apache.coyote.AbstractProtocol.pause Le gestionnaire de protocole ["http-nio-8080"] est mis en pause
01-Apr-2026 16:08:03.397 INFO [main] org.apache.catalina.core.StandardService.stopInternal Arrêt du service [Catalina]
01-Apr-2026 16:08:03.918 INFO [main] org.apache.coyote.AbstractProtocol.stop Arrêt du gestionnaire de protocole ["http-nio-8080"]
01-Apr-2026 16:08:03.927 INFO [main] org.apache.coyote.AbstractProtocol.destroy Destruction du gestionnaire de protocole ["http-nio-8080"]
