01-Apr-2026 15:14:40.160 INFO [main] org.apache.catalina.core.ApplicationContext.log 1 Spring WebApplicationInitializers detected on classpath
01-Apr-2026 15:14:48.696 INFO [main] org.apache.catalina.core.ApplicationContext.log ContextListener: contextInitialized()
01-Apr-2026 15:14:48.696 INFO [main] org.apache.catalina.core.ApplicationContext.log SessionListener: contextInitialized()
01-Apr-2026 15:14:48.699 INFO [main] org.apache.catalina.core.ApplicationContext.log ContextListener: attributeAdded('StockTicker', 'async.Stockticker@61ea5a2f')
01-Apr-2026 15:24:42.222 INFO [Catalina-utility-1] org.apache.catalina.core.ApplicationContext.log 1 Spring WebApplicationInitializers detected on classpath
01-Apr-2026 15:24:54.725 INFO [Catalina-utility-1] org.apache.catalina.core.ApplicationContext.log Closing Spring root WebApplicationContext
01-Apr-2026 15:24:56.515 INFO [Catalina-utility-1] org.apache.catalina.core.ApplicationContext.log Closing Spring root WebApplicationContext
01-Apr-2026 15:25:04.071 INFO [Catalina-utility-1] org.apache.catalina.core.ApplicationContext.log 1 Spring WebApplicationInitializers detected on classpath
01-Apr-2026 15:25:42.860 INFO [http-nio-8080-exec-8] org.apache.catalina.core.ApplicationContext.log Initializing Spring DispatcherServlet 'dispatcherServlet'
01-Apr-2026 15:33:46.483 INFO [Catalina-utility-1] org.apache.catalina.core.ApplicationContext.log Destroying Spring FrameworkServlet 'dispatcherServlet'
01-Apr-2026 15:33:46.483 INFO [Catalina-utility-1] org.apache.catalina.core.ApplicationContext.log Closing Spring root WebApplicationContext
01-Apr-2026 15:33:52.742 INFO [Catalina-utility-1] org.apache.catalina.core.ApplicationContext.log 1 Spring WebApplicationInitializers detected on classpath
01-Apr-2026 15:34:12.192 INFO [main] org.apache.catalina.core.ApplicationContext.log Closing Spring root WebApplicationContext
01-Apr-2026 15:34:12.398 INFO [main] org.apache.catalina.core.ApplicationContext.log SessionListener: contextDestroyed()
01-Apr-2026 15:34:12.398 INFO [main] org.apache.catalina.core.ApplicationContext.log ContextListener: contextDestroyed()
01-Apr-2026 15:34:19.643 INFO [main] org.apache.catalina.core.ApplicationContext.log 1 Spring WebApplicationInitializers detected on classpath
01-Apr-2026 15:34:23.823 INFO [main] org.apache.catalina.core.ApplicationContext.log ContextListener: contextInitialized()
01-Apr-2026 15:34:23.823 INFO [main] org.apache.catalina.core.ApplicationContext.log SessionListener: contextInitialized()
01-Apr-2026 15:34:23.825 INFO [main] org.apache.catalina.core.ApplicationContext.log ContextListener: attributeAdded('StockTicker', 'async.Stockticker@6e52c4b')
01-Apr-2026 16:07:55.769 INFO [main] org.apache.catalina.core.ApplicationContext.log 1 Spring WebApplicationInitializers detected on classpath
01-Apr-2026 16:08:00.182 INFO [main] org.apache.catalina.core.ApplicationContext.log ContextListener: contextInitialized()
01-Apr-2026 16:08:00.182 INFO [main] org.apache.catalina.core.ApplicationContext.log SessionListener: contextInitialized()
01-Apr-2026 16:08:00.185 INFO [main] org.apache.catalina.core.ApplicationContext.log ContextListener: attributeAdded('StockTicker', 'async.Stockticker@3e939338')
01-Apr-2026 16:08:00.570 INFO [main] org.apache.catalina.core.ApplicationContext.log Closing Spring root WebApplicationContext
01-Apr-2026 16:08:00.702 INFO [main] org.apache.catalina.core.ApplicationContext.log SessionListener: contextDestroyed()
01-Apr-2026 16:08:00.702 INFO [main] org.apache.catalina.core.ApplicationContext.log ContextListener: contextDestroyed()
01-Apr-2026 16:08:03.738 INFO [main] org.apache.catalina.core.ApplicationContext.log Closing Spring root WebApplicationContext
01-Apr-2026 16:08:03.915 INFO [main] org.apache.catalina.core.ApplicationContext.log SessionListener: contextDestroyed()
01-Apr-2026 16:08:03.915 INFO [main] org.apache.catalina.core.ApplicationContext.log ContextListener: contextDestroyed()
